2022-04-14 10:00:46,665 | INFO | 
2022-04-14 10:00:46,665 | INFO | >>> TAKE PROFIT
2022-04-14 10:01:04,434 | INFO | ALUP11 profit at 1%
2022-04-14 10:01:04,434 | INFO | SELL LIMIT order sent: {'symbol': 'ALUP11', 'volume': 300.0, 'price': 25.7045, 'type': 3, 'action': 5, 'type_time': 1, 'type_filling': 2}
2022-04-14 10:01:04,824 | INFO | RESULT: OrderSendResult(retcode=10009, deal=0, order=1150774059, volume=300.0, price=0.0, bid=0.0, ask=0.0, comment='Request executed', request_id=1, retcode_external=0, request=TradeRequest(action=5, magic=0, order=0, symbol='ALUP11', volume=300.0, price=25.7045, stoplimit=0.0, sl=0.0, tp=0.0, deviation=0, type=3, type_filling=2, type_time=1, expiration=0, comment='', position=0, position_by=0))
2022-04-14 10:01:06,290 | INFO | TRPL4 profit at yesterday half
2022-04-14 10:01:06,290 | INFO | SELL LIMIT order sent: {'symbol': 'TRPL4', 'volume': 300.0, 'price': 26.57, 'type': 3, 'action': 5, 'type_time': 1, 'type_filling': 2}
2022-04-14 10:01:06,337 | INFO | RESULT: OrderSendResult(retcode=10009, deal=0, order=1150775086, volume=300.0, price=0.0, bid=0.0, ask=0.0, comment='Request executed', request_id=2, retcode_external=0, request=TradeRequest(action=5, magic=0, order=0, symbol='TRPL4', volume=300.0, price=26.57, stoplimit=0.0, sl=0.0, tp=0.0, deviation=0, type=3, type_filling=2, type_time=1, expiration=0, comment='', position=0, position_by=0))
2022-04-14 10:01:07,445 | INFO | WIZS3 profit at 1%
2022-04-14 10:01:07,445 | INFO | SELL LIMIT order sent: {'symbol': 'WIZS3', 'volume': 1200.0, 'price': 8.3729, 'type': 3, 'action': 5, 'type_time': 1, 'type_filling': 2}
2022-04-14 10:01:07,491 | INFO | RESULT: OrderSendResult(retcode=10009, deal=0, order=1150775174, volume=1200.0, price=0.0, bid=0.0, ask=0.0, comment='Request executed', request_id=3, retcode_external=0, request=TradeRequest(action=5, magic=0, order=0, symbol='WIZS3', volume=1200.0, price=8.3729, stoplimit=0.0, sl=0.0, tp=0.0, deviation=0, type=3, type_filling=2, type_time=1, expiration=0, comment='', position=0, position_by=0))
2022-04-14 10:01:18,396 | INFO | Email sent
2022-04-14 16:45:22,629 | INFO | 
2022-04-14 16:45:22,659 | INFO | >>> CLOSE POSITIONS
2022-04-14 16:45:26,438 | INFO | Closing positions: ['TRPL4', 'WIZS3']
2022-04-14 16:45:26,438 | INFO | SELL AT MARKET order sent: {'symbol': 'TRPL4', 'volume': 300.0, 'type': 1, 'action': 1, 'type_time': 1, 'type_filling': 2}
2022-04-14 16:45:27,370 | INFO | RESULT: OrderSendResult(retcode=10009, deal=873522947, order=1151869165, volume=300.0, price=26.46, bid=26.46, ask=26.47, comment='Request executed', request_id=4, retcode_external=0, request=TradeRequest(action=1, magic=0, order=0, symbol='TRPL4', volume=300.0, price=0.0, stoplimit=0.0, sl=0.0, tp=0.0, deviation=0, type=1, type_filling=2, type_time=1, expiration=0, comment='', position=0, position_by=0))
2022-04-14 16:45:28,372 | INFO | SELL AT MARKET order sent: {'symbol': 'WIZS3', 'volume': 1200.0, 'type': 1, 'action': 1, 'type_time': 1, 'type_filling': 2}
2022-04-14 16:45:28,423 | INFO | RESULT: OrderSendResult(retcode=10009, deal=873523022, order=1151869239, volume=1200.0, price=8.32, bid=8.32, ask=8.33, comment='Request executed', request_id=5, retcode_external=0, request=TradeRequest(action=1, magic=0, order=0, symbol='WIZS3', volume=1200.0, price=0.0, stoplimit=0.0, sl=0.0, tp=0.0, deviation=0, type=1, type_filling=2, type_time=1, expiration=0, comment='', position=0, position_by=0))
2022-04-14 16:45:34,045 | INFO | Email sent
2022-04-14 16:52:02,018 | INFO | 
2022-04-14 16:52:02,018 | INFO | >>> BUY STOCKS
2022-04-14 16:52:02,028 | INFO | 0 positions already opened
2022-04-14 16:52:02,028 | INFO | 3 positions to open
2022-04-14 16:58:32,503 | INFO | 
         OPEN   HIGH    LOW  CLOSE PROFIT_FACTOR DIFF_FROM_CLOSE_TO_HALF
HYPE3   39.24  39.24  38.37  38.59           5.7                     0.5
BPAC11  25.08  25.47  24.93   25.0           3.8                     0.8
BRSR6   10.85  10.95  10.78  10.83           2.9                     0.3
SANB11  34.89  35.34  34.57  34.69           2.6                     0.7
LOGG3   26.43  26.84  25.99   26.1           2.4                     1.2
ROMI3   13.46  13.53  13.22  13.26           2.4                     0.9
KLBN11  22.89  22.94  22.57  22.65           2.3                     0.5
LWSA3     8.3   8.32   7.98   8.03           2.2                     1.5
EMBR3   13.89  13.94  13.58  13.66           2.2                     0.7
CRFB3   23.23  23.37   22.9  23.02           2.1                     0.5
VIIA3    3.52   3.53   3.42   3.42           2.0                     1.7
PTBL3    9.03   9.03   8.77   8.84           1.9                     0.7
RENT3   57.16  57.74  56.71  56.83           1.9                     0.7
LCAM3   25.39  25.46  25.03  25.14           1.9                     0.4
PETZ3   16.78  16.82  16.06  16.15           1.8                     1.8
PNVL3   12.37  12.51   12.2  12.24           1.7                     1.0
CYRE3   15.54  15.64  15.22   15.3           1.7                     0.8
RADL3   22.24  22.43  22.15   22.2           1.6                     0.4
ODPV3   10.56   10.6  10.46   10.5           1.6                     0.3
VULC3    9.91   10.0   9.86    9.9           1.6                     0.3
GUAR3   10.37  10.48  10.11  10.16           1.5                     1.3
MRVE3   11.31  11.42  11.06   11.1           1.5                     1.2
BRPR3    8.77   8.81   8.61   8.66           1.5                     0.6
TASA4    24.3  24.53  24.15  24.21           1.5                     0.5
YDUQ3   18.52  18.57  17.25  17.25           1.4                     3.7
LJQQ3    9.36   9.43    9.1    9.1           1.4                     1.8
WEGE3   32.56  32.89  32.08  32.13           1.4                     1.1
CVCB3   14.47  14.75   14.2  14.33           1.4                     1.0
ECOR3    7.66   7.66   7.48   7.52           1.4                     0.7
ALSO3   21.34  21.44  21.04  21.13           1.4                     0.5
2022-04-14 16:58:32,519 | INFO | Stocks to buy: ['HYPE3', 'BPAC11', 'BRSR6']
2022-04-14 16:58:32,519 | INFO | Waiting for time to be 2022-04-14 16:54:30.519569
2022-04-14 16:58:32,519 | INFO | BUY AT MARKET order sent: {'symbol': 'HYPE3', 'volume': 200.0, 'type': 0, 'action': 1, 'type_time': 1, 'type_filling': 2}
2022-04-14 16:58:32,831 | INFO | RESULT: OrderSendResult(retcode=10009, deal=873538213, order=1151889548, volume=200.0, price=38.62, bid=38.5, ask=38.62, comment='Request executed', request_id=6, retcode_external=0, request=TradeRequest(action=1, magic=0, order=0, symbol='HYPE3', volume=200.0, price=0.0, stoplimit=0.0, sl=0.0, tp=0.0, deviation=0, type=0, type_filling=2, type_time=1, expiration=0, comment='', position=0, position_by=0))
2022-04-14 16:58:33,845 | INFO | BUY AT MARKET order sent: {'symbol': 'BPAC11', 'volume': 400.0, 'type': 0, 'action': 1, 'type_time': 1, 'type_filling': 2}
2022-04-14 16:58:33,923 | INFO | RESULT: OrderSendResult(retcode=10009, deal=873538247, order=1151889584, volume=400.0, price=25.06, bid=25.01, ask=25.06, comment='Request executed', request_id=7, retcode_external=0, request=TradeRequest(action=1, magic=0, order=0, symbol='BPAC11', volume=400.0, price=0.0, stoplimit=0.0, sl=0.0, tp=0.0, deviation=0, type=0, type_filling=2, type_time=1, expiration=0, comment='', position=0, position_by=0))
2022-04-14 16:58:34,937 | INFO | BUY AT MARKET order sent: {'symbol': 'BRSR6', 'volume': 900.0, 'type': 0, 'action': 1, 'type_time': 1, 'type_filling': 2}
2022-04-14 16:58:34,999 | INFO | RESULT: OrderSendResult(retcode=10009, deal=873538264, order=1151889617, volume=900.0, price=10.85, bid=10.83, ask=10.85, comment='Request executed', request_id=8, retcode_external=0, request=TradeRequest(action=1, magic=0, order=0, symbol='BRSR6', volume=900.0, price=0.0, stoplimit=0.0, sl=0.0, tp=0.0, deviation=0, type=0, type_filling=2, type_time=1, expiration=0, comment='', position=0, position_by=0))
2022-04-14 16:58:39,882 | INFO | Email sent
