2022-04-13 12:20:06,201 | INFO | 
2022-04-13 12:20:06,201 | INFO | >>> BUY STOCKS
2022-04-13 12:20:06,210 | INFO | 0 positions already opened
2022-04-13 12:20:06,210 | INFO | 3 positions to open
2022-04-13 12:20:07,187 | INFO | 
         OPEN   HIGH    LOW  CLOSE PROFIT_FACTOR DIFF_FROM_CLOSE_TO_HALF
HYPE3   39.42  40.08  38.91  39.07           5.7                     1.1
ALUP11  25.83  26.17  25.58  25.75           3.0                     0.5
ITUB4   26.28  26.54  25.97   26.1           2.6                     0.6
CAML3    9.17   9.25    9.0   9.04           2.1                     0.9
CRFB3   23.46   23.7  23.19  23.31           2.1                     0.6
ITSA4   10.12  10.19  10.01  10.06           2.1                     0.4
ENEV3   15.52  15.74  15.36  15.43           1.9                     0.8
PETZ3   16.84  16.84  16.38   16.5           1.8                     0.7
RAPT4   10.15  10.23  10.02  10.06           1.8                     0.6
PNVL3   12.67  12.76  12.37  12.42           1.7                     1.1
CSAN3   23.58  23.86  23.27  23.38           1.7                     0.8
GOAU4   11.75  11.84  11.58  11.64           1.7                     0.6
ENAT3   21.85  22.13  21.06  21.21           1.6                     1.8
MRFG3   20.84  20.85  20.11  20.32           1.6                     0.8
RADL3   22.68  22.79  22.27  22.37           1.6                     0.7
LJQQ3    9.82   9.95   9.44   9.47           1.4                     2.4
CVCB3   15.17   15.2  14.53  14.57           1.4                     2.0
AESB3   11.33  11.39  11.13  11.17           1.4                     0.8
2022-04-13 12:20:07,187 | INFO | Stocks to buy: ['HYPE3', 'ALUP11', 'ITUB4']
2022-04-13 12:20:10,904 | INFO | Email sent
2022-04-13 12:22:42,816 | INFO | 
2022-04-13 12:22:42,816 | INFO | >>> BUY STOCKS
2022-04-13 12:22:42,831 | INFO | 0 positions already opened
2022-04-13 12:22:42,831 | INFO | 3 positions to open
2022-04-13 12:22:43,611 | INFO | 
        OPEN   HIGH    LOW  CLOSE PROFIT_FACTOR DIFF_FROM_CLOSE_TO_HALF
HYPE3  39.42  40.08  38.91  38.94           5.7                     1.4
ITUB4  26.28  26.54  25.97  26.09           2.6                     0.6
EGIE3  44.23  44.45  43.99  44.12           2.5                     0.2
B3SA3  14.46   14.6  14.22  14.33           2.4                     0.6
CAML3   9.17   9.25    9.0   9.03           2.1                     1.0
CRFB3  23.46   23.7  23.19   23.3           2.1                     0.6
EQTL3  25.68  25.68  25.28  25.39           2.1                     0.4
ITSA4  10.12  10.19  10.01  10.06           2.1                     0.4
ENEV3  15.52  15.74  15.36  15.39           1.9                     1.0
RENT3  57.81  58.46  57.56  57.78           1.9                     0.4
PETZ3  16.84  16.84  16.38   16.5           1.8                     0.7
RAPT4  10.15  10.23  10.02  10.07           1.8                     0.5
PNVL3  12.67  12.76  12.37  12.42           1.7                     1.1
CSAN3  23.58  23.86  23.27  23.37           1.7                     0.8
GOAU4  11.75  11.84  11.58  11.62           1.7                     0.8
ENAT3  21.85  22.13  21.06  21.24           1.6                     1.6
RADL3  22.68  22.79  22.27  22.37           1.6                     0.7
LJQQ3   9.82   9.95    9.4   9.46           1.4                     2.3
CVCB3  15.17   15.2  14.53  14.59           1.4                     1.8
AESB3  11.33  11.39  11.13  11.17           1.4                     0.8
WEGE3  32.64   32.7  32.21  32.35           1.4                     0.3
2022-04-13 12:22:43,611 | INFO | Stocks to buy: ['HYPE3', 'ITUB4', 'EGIE3']
2022-04-13 12:22:48,120 | INFO | Email sent
2022-04-13 16:52:22,868 | INFO | 
2022-04-13 16:52:22,868 | INFO | >>> BUY STOCKS
2022-04-13 16:52:49,856 | INFO | 0 positions already opened
2022-04-13 16:52:49,872 | INFO | 3 positions to open
2022-04-13 16:54:42,629 | INFO | 
         OPEN   HIGH    LOW  CLOSE PROFIT_FACTOR DIFF_FROM_CLOSE_TO_HALF
TRPL4   26.53  26.77  26.39  26.41           3.3                     0.6
ALUP11  25.83  26.17  25.48  25.48           3.0                     1.4
WIZS3    8.49   8.56   8.25   8.29           2.5                     1.4
EGIE3   44.23  44.45  43.81  43.93           2.5                     0.5
LWSA3    8.39   8.52   8.22    8.3           2.2                     0.8
CAML3    9.17   9.25   8.99   9.01           2.1                     1.2
CRFB3   23.46   23.7  23.19  23.28           2.1                     0.7
EQTL3   25.68  25.68  25.24  25.35           2.1                     0.4
MULT3   24.41  24.55  24.01  24.14           1.9                     0.6
RAPT4   10.15  10.23  10.02  10.06           1.8                     0.6
CSAN3   23.58  23.86  22.95  23.07           1.7                     1.5
ODPV3   10.74  10.82  10.54   10.6           1.6                     0.7
TAEE11  44.69  44.81  44.25  44.34           1.6                     0.4
MRVE3   11.43  11.64  11.32  11.34           1.5                     1.2
TASA4    24.3  24.53  24.15  24.25           1.5                     0.4
CVCB3   15.17   15.2  14.44  14.52           1.4                     2.0
YDUQ3    19.0  19.23  18.62  18.66           1.4                     1.4
ABEV3   15.01  15.12  14.55  14.67           1.4                     1.1
2022-04-13 16:54:42,644 | INFO | Stocks to buy: ['TRPL4', 'ALUP11', 'WIZS3']
2022-04-13 16:54:42,644 | INFO | Waiting for time to be 2022-04-13 16:54:30.644715
2022-04-13 16:54:42,644 | INFO | BUY AT MARKET order sent: {'symbol': 'TRPL4', 'volume': 300.0, 'type': 0, 'action': 1, 'type_time': 1, 'type_filling': 2}
2022-04-13 16:54:42,707 | INFO | RESULT: OrderSendResult(retcode=10009, deal=872691717, order=1150557795, volume=300.0, price=26.41, bid=26.38, ask=26.41, comment='Request executed', request_id=1, retcode_external=0, request=TradeRequest(action=1, magic=0, order=0, symbol='TRPL4', volume=300.0, price=0.0, stoplimit=0.0, sl=0.0, tp=0.0, deviation=0, type=0, type_filling=2, type_time=1, expiration=0, comment='', position=0, position_by=0))
2022-04-13 16:54:43,721 | INFO | BUY AT MARKET order sent: {'symbol': 'ALUP11', 'volume': 300.0, 'type': 0, 'action': 1, 'type_time': 1, 'type_filling': 2}
2022-04-13 16:54:43,767 | INFO | RESULT: OrderSendResult(retcode=10009, deal=872691750, order=1150557828, volume=300.0, price=25.5, bid=25.47, ask=25.5, comment='Request executed', request_id=2, retcode_external=0, request=TradeRequest(action=1, magic=0, order=0, symbol='ALUP11', volume=300.0, price=0.0, stoplimit=0.0, sl=0.0, tp=0.0, deviation=0, type=0, type_filling=2, type_time=1, expiration=0, comment='', position=0, position_by=0))
2022-04-13 16:54:44,781 | INFO | BUY AT MARKET order sent: {'symbol': 'WIZS3', 'volume': 1200.0, 'type': 0, 'action': 1, 'type_time': 1, 'type_filling': 2}
2022-04-13 16:54:44,828 | INFO | RESULT: OrderSendResult(retcode=10009, deal=872691778, order=1150557858, volume=1200.0, price=8.3, bid=8.29, ask=8.3, comment='Request executed', request_id=3, retcode_external=0, request=TradeRequest(action=1, magic=0, order=0, symbol='WIZS3', volume=1200.0, price=0.0, stoplimit=0.0, sl=0.0, tp=0.0, deviation=0, type=0, type_filling=2, type_time=1, expiration=0, comment='', position=0, position_by=0))
2022-04-13 16:54:52,659 | INFO | Email sent
