2022-04-26 10:00:29,931 | INFO | 
2022-04-26 10:00:29,933 | INFO | >>> TAKE PROFIT
2022-04-26 10:00:56,206 | INFO | Email sent
2022-04-26 10:32:51,685 | INFO | 
2022-04-26 10:32:51,686 | INFO | >>> TAKE PROFIT
2022-04-26 10:32:57,343 | INFO | Email sent
2022-04-26 10:37:03,399 | INFO | 
2022-04-26 10:37:03,400 | INFO | >>> TAKE PROFIT
2022-04-26 10:37:03,409 | INFO | Positions opened: []
2022-04-26 10:37:07,840 | INFO | Email sent
2022-04-26 16:45:18,915 | INFO | 
2022-04-26 16:45:18,915 | INFO | >>> CLOSE POSITIONS
2022-04-26 16:45:47,315 | INFO | Closing positions: []
2022-04-26 16:45:52,115 | INFO | Email sent
2022-04-26 16:50:01,340 | INFO | 
2022-04-26 16:50:01,342 | INFO | >>> BUY STOCKS
2022-04-26 16:50:01,352 | INFO | 0 positions already opened
2022-04-26 16:50:01,352 | INFO | 1 positions to open
2022-04-26 16:50:22,706 | ERROR | No data for GNDI3 - (-1, 'Terminal: Call failed')
2022-04-26 16:50:51,481 | INFO | 
         OPEN   HIGH    LOW  CLOSE PROFIT_FACTOR DIFF_FROM_CLOSE_TO_HALF
HYPE3   37.32  38.14  36.74  36.85           5.7                     1.6
AALR3   19.74  19.86  19.56  19.61           4.1                     0.5
BPAC11   24.9   25.1  23.72  23.85           3.8                     2.3
JBSS3   37.76  38.59  37.25  37.57           3.7                     0.9
BRSR6    10.8  10.93  10.53  10.62           2.9                     1.0
ITUB4   25.26   25.5  24.65  24.75           2.6                     1.3
SANB11  32.62  32.81  31.87  32.07           2.6                     0.8
VIVT3   53.99  54.13  53.42  53.63           2.6                     0.3
EGIE3   44.09  44.73  42.81  42.86           2.5                     2.1
B3SA3   14.02  14.13  13.59  13.71           2.4                     1.1
LOGG3    26.0  26.33  25.54  25.67           2.4                     1.0
ELET3    40.0   40.5  39.57   39.8           2.4                     0.6
KLBN11   22.1  22.28  21.52  21.56           2.3                     1.6
LWSA3    7.83   7.95    7.2   7.31           2.2                     3.6
EMBR3   13.91  14.06  13.54  13.58           2.2                     1.6
BBSE3    26.2  26.44  25.82  25.97           2.2                     0.6
ITSA4    9.83   9.85   9.38   9.42           2.1                     2.1
CRFB3   21.18  21.44  20.85  20.95           2.1                     0.9
VIIA3    3.18   3.22   3.01   3.02           2.0                     3.2
PTBL3    8.47   8.62   8.21   8.24           1.9                     2.0
LCAM3   24.22  24.33  23.53  23.56           1.9                     1.5
RENT3   54.58  55.15  53.23   53.4           1.9                     1.5
MULT3    23.5  23.66  23.02  23.17           1.9                     0.7
MGLU3     5.4   5.47    5.2    5.2           1.8                     2.4
RAPT4   10.55  10.67  10.18   10.2           1.8                     2.2
FLRY3   15.53   15.7  15.39  15.41           1.8                     0.8
CYRE3   14.59  14.68  14.06  14.08           1.7                     2.0
GOAU4   11.21  11.24  10.82  10.83           1.7                     1.8
PNVL3   12.18  12.47  11.93  12.03           1.7                     1.4
CSAN3   21.82  22.18  21.62  21.73           1.7                     0.8
RADL3   22.81  22.92  22.27   22.3           1.6                     1.3
VULC3   10.02  10.25   9.73   9.87           1.6                     1.2
LREN3   24.87  25.75  24.27  24.49           1.5                     2.1
GUAR3    9.64   9.83   9.37   9.45           1.5                     1.6
MRVE3   10.87  10.96  10.63  10.66           1.5                     1.3
BBDC4   18.82  18.85  18.12  18.29           1.5                     1.0
CVCB3   13.95  14.07  13.07  13.13           1.4                     3.2
UGPA3   13.92  14.02  13.22  13.28           1.4                     2.5
ECOR3    7.48   7.59   7.31   7.32           1.4                     1.7
LJQQ3    9.34    9.5   8.77   8.98           1.4                     1.6
WEGE3   31.18  31.32  29.83  30.18           1.4                     1.3
ABEV3   15.04  15.15  14.74  14.79           1.4                     1.1
ALSO3   21.05  21.35  20.84  20.92           1.4                     0.8
RANI3    6.59   6.63   6.37   6.41           1.3                     1.4
2022-04-26 16:50:51,492 | INFO | Stocks to buy: ['HYPE3']
2022-04-26 16:50:51,492 | INFO | Waiting for time to be 2022-04-26 16:54:45.492096
2022-04-26 16:54:45,658 | INFO | BUY AT MARKET order sent: {'symbol': 'HYPE3', 'volume': 100.0, 'type': 0, 'action': 1, 'type_time': 1, 'type_filling': 2}
2022-04-26 16:54:45,660 | INFO | RESULT: OrderSendResult(retcode=10027, deal=0, order=0, volume=0.0, price=0.0, bid=0.0, ask=0.0, comment='AutoTrading disabled by client', request_id=0, retcode_external=0, request=TradeRequest(action=1, magic=0, order=0, symbol='HYPE3', volume=100.0, price=0.0, stoplimit=0.0, sl=0.0, tp=0.0, deviation=0, type=0, type_filling=2, type_time=1, expiration=0, comment='', position=0, position_by=0))
2022-04-26 16:54:50,488 | INFO | Email sent
