2022-04-19 10:01:41,468 | INFO | 
2022-04-19 10:01:41,484 | INFO | >>> TAKE PROFIT
2022-04-19 10:01:54,447 | INFO | AMBP3 profit at 1%
2022-04-19 10:01:54,447 | INFO | SELL LIMIT order sent: {'symbol': 'AMBP3', 'volume': 200.0, 'price': 33.9057, 'type': 3, 'action': 5, 'type_time': 1, 'type_filling': 2}
2022-04-19 10:01:56,038 | INFO | RESULT: OrderSendResult(retcode=10009, deal=0, order=1153324271, volume=200.0, price=0.0, bid=0.0, ask=0.0, comment='Request executed', request_id=1, retcode_external=0, request=TradeRequest(action=5, magic=0, order=0, symbol='AMBP3', volume=200.0, price=33.9057, stoplimit=0.0, sl=0.0, tp=0.0, deviation=0, type=3, type_filling=2, type_time=1, expiration=0, comment='', position=0, position_by=0))
2022-04-19 10:01:57,676 | INFO | TRPL4 profit at yesterday half
2022-04-19 10:01:57,676 | INFO | SELL LIMIT order sent: {'symbol': 'TRPL4', 'volume': 300.0, 'price': 26.47, 'type': 3, 'action': 5, 'type_time': 1, 'type_filling': 2}
2022-04-19 10:01:59,268 | INFO | RESULT: OrderSendResult(retcode=10009, deal=0, order=1153325348, volume=300.0, price=0.0, bid=0.0, ask=0.0, comment='Request executed', request_id=2, retcode_external=0, request=TradeRequest(action=5, magic=0, order=0, symbol='TRPL4', volume=300.0, price=26.47, stoplimit=0.0, sl=0.0, tp=0.0, deviation=0, type=3, type_filling=2, type_time=1, expiration=0, comment='', position=0, position_by=0))
2022-04-19 10:02:00,391 | INFO | VIVT3 profit at yesterday half
2022-04-19 10:02:00,391 | INFO | SELL LIMIT order sent: {'symbol': 'VIVT3', 'volume': 100.0, 'price': 53.62, 'type': 3, 'action': 5, 'type_time': 1, 'type_filling': 2}
2022-04-19 10:02:00,843 | INFO | RESULT: OrderSendResult(retcode=10009, deal=0, order=1153325702, volume=100.0, price=0.0, bid=0.0, ask=0.0, comment='Request executed', request_id=3, retcode_external=0, request=TradeRequest(action=5, magic=0, order=0, symbol='VIVT3', volume=100.0, price=53.62, stoplimit=0.0, sl=0.0, tp=0.0, deviation=0, type=3, type_filling=2, type_time=1, expiration=0, comment='', position=0, position_by=0))
2022-04-19 10:02:13,370 | INFO | Email sent
2022-04-19 16:45:17,083 | INFO | 
2022-04-19 16:45:17,098 | INFO | >>> CLOSE POSITIONS
2022-04-19 16:45:35,756 | INFO | Closing positions: []
2022-04-19 16:45:40,920 | INFO | Email sent
2022-04-19 16:53:31,120 | INFO | 
2022-04-19 16:53:31,120 | INFO | >>> BUY STOCKS
2022-04-19 16:53:31,120 | INFO | 1 positions already opened
2022-04-19 16:53:31,120 | INFO | 2 positions to open
2022-04-19 16:54:13,521 | ERROR | No data for GNDI3 - (-1, 'Terminal: Call failed')
2022-04-19 16:54:55,001 | INFO | 
         OPEN   HIGH    LOW  CLOSE PROFIT_FACTOR DIFF_FROM_CLOSE_TO_HALF
TRPL4    26.3  26.51  25.92  26.06           3.3                     0.6
BRSR6   11.06  11.15  10.84   10.9           2.9                     0.9
CMIG4    15.6  15.61  14.61  14.74           2.5                     2.4
BBSE3   26.77  26.95  25.96  26.04           2.2                     1.6
CRFB3   22.55  22.55  21.85  22.04           2.1                     0.7
MULT3   24.12  24.44  23.77  23.97           1.9                     0.6
ENAT3   22.04  22.44  21.41   21.6           1.6                     1.5
BBAS3   36.38  36.68  35.05   35.4           1.6                     1.3
UGPA3    14.8  14.96  14.44  14.54           1.4                     1.1
SAPR11  20.29  20.34  19.73  19.89           1.4                     0.7
RANI3    6.36   6.36   6.19   6.24           1.3                     0.6
2022-04-19 16:54:55,001 | INFO | Stocks to buy: ['TRPL4', 'BRSR6']
2022-04-19 16:54:55,001 | INFO | Waiting for time to be 2022-04-19 16:54:30.001923
2022-04-19 16:54:55,001 | INFO | BUY AT MARKET order sent: {'symbol': 'TRPL4', 'volume': 300.0, 'type': 0, 'action': 1, 'type_time': 1, 'type_filling': 2}
2022-04-19 16:54:55,064 | INFO | RESULT: OrderSendResult(retcode=10009, deal=875203439, order=1154667034, volume=300.0, price=26.11, bid=26.06, ask=26.11, comment='Request executed', request_id=1, retcode_external=0, request=TradeRequest(action=1, magic=0, order=0, symbol='TRPL4', volume=300.0, price=0.0, stoplimit=0.0, sl=0.0, tp=0.0, deviation=0, type=0, type_filling=2, type_time=1, expiration=0, comment='', position=0, position_by=0))
2022-04-19 16:54:56,078 | INFO | BUY AT MARKET order sent: {'symbol': 'BRSR6', 'volume': 900.0, 'type': 0, 'action': 1, 'type_time': 1, 'type_filling': 2}
2022-04-19 16:54:56,125 | INFO | RESULT: OrderSendResult(retcode=10009, deal=875203541, order=1154667189, volume=900.0, price=10.9, bid=10.89, ask=10.9, comment='Request executed', request_id=2, retcode_external=0, request=TradeRequest(action=1, magic=0, order=0, symbol='BRSR6', volume=900.0, price=0.0, stoplimit=0.0, sl=0.0, tp=0.0, deviation=0, type=0, type_filling=2, type_time=1, expiration=0, comment='', position=0, position_by=0))
2022-04-19 16:55:08,090 | INFO | Email sent
