2022-04-27 10:00:29,780 | INFO | 
2022-04-27 10:00:29,790 | INFO | >>> TAKE PROFIT
2022-04-27 10:00:47,496 | INFO | Positions opened: []
2022-04-27 10:00:58,771 | INFO | Email sent
2022-04-27 10:35:09,901 | INFO | 
2022-04-27 10:35:09,902 | INFO | >>> BUY STOCKS
2022-04-27 10:35:20,712 | INFO | 0 positions already opened
2022-04-27 10:35:20,713 | INFO | 1 positions to open
2022-04-27 10:35:49,454 | ERROR | No data for ENGI11 - (-1, 'Terminal: Call failed')
2022-04-27 10:35:51,498 | ERROR | No data for GNDI3 - (-1, 'Terminal: Call failed')
2022-04-27 10:36:31,149 | INFO | 
         OPEN   HIGH    LOW  CLOSE PROFIT_FACTOR DIFF_FROM_CLOSE_TO_HALF
AALR3    19.8  19.81   19.6  19.62           4.1                     0.4
AMBP3    33.4  33.94  33.29  33.36           3.3                     0.7
TRPL4   26.27   26.4  26.15  26.15           3.3                     0.5
ALUP11   26.2   26.3  26.01  26.01           3.0                     0.6
BRSR6   10.77  10.77  10.68  10.68           2.9                     0.4
PRIO3   25.38  25.66  25.18  25.23           2.7                     0.7
ITUB4   24.99   25.1  24.55  24.55           2.6                     1.1
VIVT3   52.77  53.18  52.35  52.36           2.6                     0.8
SANB11  32.34  32.34  31.89  31.95           2.6                     0.5
WIZS3    7.59   7.69   7.39   7.41           2.5                     1.7
CMIG4   15.25  15.34  15.15  15.17           2.5                     0.5
EGIE3    43.0  43.05  42.64  42.76           2.5                     0.2
ROMI3   13.61  13.88   13.3  13.37           2.4                     1.6
ELET3   40.68   40.8  39.82   39.9           2.4                     1.0
B3SA3   13.77  13.91  13.57  13.62           2.4                     0.9
KLBN11  21.81  21.85  21.51  21.61           2.3                     0.3
BBSE3   26.25   26.3  25.84  25.86           2.2                     0.8
ITSA4    9.52    9.6   9.42   9.43           2.1                     0.8
EQTL3   26.41  26.41  26.08  26.12           2.1                     0.5
CAML3     8.9   8.95   8.85   8.86           2.1                     0.4
BPAN4    9.79   9.89   9.64    9.7           2.0                     0.7
CCRO3   13.44  13.53  13.34  13.34           2.0                     0.7
VIIA3    3.18   3.21   3.14   3.15           2.0                     0.6
PTBL3    8.26    8.5    8.2    8.2           1.9                     1.8
ENEV3   14.04  14.07  13.87  13.89           1.9                     0.6
LCAM3   23.87  23.91  23.67  23.74           1.9                     0.2
RAPT4   10.34  10.42  10.19   10.2           1.8                     1.0
MGLU3    5.36   5.44   5.29   5.33           1.8                     0.7
CYRE3   14.35  14.59  14.24  14.27           1.7                     1.0
PNVL3   12.15  12.27  12.03  12.04           1.7                     0.9
CSAN3   21.97  22.04  21.72  21.73           1.7                     0.7
ENAT3    21.5  21.59  20.31  20.31           1.6                     3.1
BBAS3   34.35   34.8  34.05  34.05           1.6                     1.1
VULC3     9.9  10.02   9.82   9.82           1.6                     1.0
BBDC4   18.49  18.62  18.33  18.34           1.5                     0.8
GUAR3    9.63    9.7   9.51   9.53           1.5                     0.8
MRVE3    10.8  10.96  10.74  10.77           1.5                     0.7
TASA4   23.29  23.45  23.19   23.2           1.5                     0.5
BRPR3     9.1   9.19   9.08   9.09           1.5                     0.4
CVCB3   13.51  13.65  13.25  13.33           1.4                     0.9
TIMS3   13.89  14.18  13.84  13.88           1.4                     0.9
LJQQ3    9.15   9.19   8.96    9.0           1.4                     0.8
AESB3   11.39  11.39  11.24  11.24           1.4                     0.7
ECOR3    7.38   7.42   7.31   7.32           1.4                     0.7
SAPR11  20.17  20.24  19.95  19.95           1.4                     0.7
UGPA3   13.43  13.52  13.33  13.35           1.4                     0.6
ABEV3   14.89  14.91  14.66  14.73           1.4                     0.4
RANI3    6.55   6.61   6.47   6.49           1.3                     0.8
SMTO3   45.63  45.64  45.21  45.23           1.3                     0.4
2022-04-27 10:36:31,220 | INFO | Stocks to buy: ['AALR3']
2022-04-27 10:36:31,228 | INFO | BUY AT MARKET order sent: {'symbol': 'OIBR3', 'volume': 100.0, 'type': 0, 'action': 1, 'type_time': 1, 'type_filling': 2}
2022-04-27 10:36:31,996 | INFO | RESULT: OrderSendResult(retcode=10009, deal=0, order=1832660319, volume=100.0, price=0.0, bid=0.0, ask=0.0, comment='Request executed', request_id=1, retcode_external=0, request=TradeRequest(action=1, magic=0, order=0, symbol='OIBR3', volume=100.0, price=0.0, stoplimit=0.0, sl=0.0, tp=0.0, deviation=0, type=0, type_filling=2, type_time=1, expiration=0, comment='', position=0, position_by=0))
2022-04-27 11:57:39,460 | INFO | 
2022-04-27 11:57:39,470 | INFO | >>> BUY STOCKS
2022-04-27 11:57:40,413 | INFO | 1 positions already opened
2022-04-27 11:57:40,418 | INFO | 1 positions to open
2022-04-27 11:58:15,139 | ERROR | No data for GNDI3 - (-1, 'Terminal: Call failed')
2022-04-27 11:58:51,125 | INFO | 
         OPEN   HIGH    LOW  CLOSE PROFIT_FACTOR DIFF_FROM_CLOSE_TO_HALF
AALR3    19.8  19.81   19.6  19.65           4.1                     0.3
BPAC11  24.01  24.46  23.72  23.82           3.8                     1.1
ALUP11   26.2   26.3  25.99  26.02           3.0                     0.5
VIVT3   52.77  53.18  51.58  51.69           2.6                     1.3
ITUB4   24.99   25.1  24.48  24.63           2.6                     0.6
SANB11  32.34  32.34  31.63   31.8           2.6                     0.6
ROMI3   13.61  13.88  13.29  13.37           2.4                     1.6
EMBR3   13.75   14.0  13.26  13.48           2.2                     1.1
LWSA3    7.49   7.53   7.25   7.32           2.2                     0.9
BBSE3   26.25   26.3  25.77  25.88           2.2                     0.6
ITSA4    9.52    9.6   9.39    9.4           2.1                     1.1
CRFB3    21.2   21.2  20.86  20.91           2.1                     0.6
ENGI11  48.86  49.27  48.61  48.67           2.1                     0.6
VIIA3    3.18   3.24   3.13   3.14           2.0                     1.6
CCRO3   13.44  13.53  13.26  13.28           2.0                     0.8
BPAN4    9.79   9.89   9.62    9.7           2.0                     0.5
ENEV3   14.04  14.07  13.73  13.76           1.9                     1.0
MGLU3    5.36   5.46   5.25   5.27           1.8                     1.7
FLRY3   15.73  15.83  15.48  15.48           1.8                     1.1
PETZ3   16.13  16.27  15.88  15.94           1.8                     0.8
PNVL3   12.15  12.27  11.89  11.95           1.7                     1.1
ENAT3    21.5  21.59  20.04  20.27           1.6                     2.6
BBAS3   34.35   34.8  33.93  34.06           1.6                     0.9
RADL3   22.27   22.6  22.18  22.24           1.6                     0.7
VULC3     9.9  10.02   9.82   9.86           1.6                     0.6
GUAR3    9.63   9.74   9.47   9.49           1.5                     1.2
LREN3    24.9  25.32  24.64  24.69           1.5                     1.2
MRVE3    10.8  10.96  10.73  10.73           1.5                     1.1
BRML3    9.28   9.45   9.25   9.26           1.5                     1.0
BBDC4   18.49  18.62  18.19  18.26           1.5                     0.8
TASA4   23.29  23.45  23.05  23.16           1.5                     0.4
YDUQ3   16.85  17.26  16.72  16.76           1.4                     1.4
LJQQ3    9.15   9.19   8.87   8.91           1.4                     1.3
CVCB3   13.51  13.65  13.25  13.32           1.4                     1.0
ECOR3    7.38   7.42   7.27   7.27           1.4                     1.0
TIMS3   13.89  14.18  13.68  13.79           1.4                     1.0
AESB3   11.39  11.39  11.19   11.2           1.4                     0.8
2022-04-27 11:58:51,199 | INFO | Stocks to buy: ['AALR3']
2022-04-27 11:58:55,619 | INFO | Email sent
