2022-04-12 10:00:31,251 | INFO | 
2022-04-12 10:00:31,262 | INFO | >>> TAKE PROFIT
2022-04-12 10:00:50,656 | INFO | AALR3 profit at 1%
2022-04-12 10:00:50,657 | INFO | SELL LIMIT order sent: {'symbol': 'AALR3', 'volume': 500.0, 'price': 18.3113, 'type': 3, 'action': 5, 'type_time': 1, 'type_filling': 2}
2022-04-12 10:01:01,995 | INFO | RESULT: OrderSendResult(retcode=10031, deal=0, order=0, volume=0.0, price=0.0, bid=0.0, ask=0.0, comment='Request rejected due to absence of network connection', request_id=1, retcode_external=0, request=TradeRequest(action=5, magic=0, order=0, symbol='AALR3', volume=500.0, price=18.3113, stoplimit=0.0, sl=0.0, tp=0.0, deviation=0, type=3, type_filling=2, type_time=1, expiration=0, comment='', position=0, position_by=0))
2022-04-12 10:01:03,018 | INFO | ALUP11 profit at 1%
2022-04-12 10:01:03,018 | INFO | SELL LIMIT order sent: {'symbol': 'ALUP11', 'volume': 300.0, 'price': 25.8863, 'type': 3, 'action': 5, 'type_time': 1, 'type_filling': 2}
2022-04-12 10:01:03,018 | INFO | RESULT: OrderSendResult(retcode=10031, deal=0, order=0, volume=0.0, price=0.0, bid=0.0, ask=0.0, comment='Request rejected due to absence of network connection', request_id=0, retcode_external=0, request=TradeRequest(action=5, magic=0, order=0, symbol='ALUP11', volume=300.0, price=25.8863, stoplimit=0.0, sl=0.0, tp=0.0, deviation=0, type=3, type_filling=2, type_time=1, expiration=0, comment='', position=0, position_by=0))
2022-04-12 10:01:06,414 | INFO | JBSS3 profit at 1%
2022-04-12 10:01:06,414 | INFO | SELL LIMIT order sent: {'symbol': 'JBSS3', 'volume': 200.0, 'price': 38.481, 'type': 3, 'action': 5, 'type_time': 1, 'type_filling': 2}
2022-04-12 10:01:14,281 | INFO | RESULT: OrderSendResult(retcode=10009, deal=0, order=1147967855, volume=200.0, price=0.0, bid=0.0, ask=0.0, comment='Request executed', request_id=2, retcode_external=0, request=TradeRequest(action=5, magic=0, order=0, symbol='JBSS3', volume=200.0, price=38.481, stoplimit=0.0, sl=0.0, tp=0.0, deviation=0, type=3, type_filling=2, type_time=1, expiration=0, comment='', position=0, position_by=0))
2022-04-12 10:01:21,425 | INFO | Email sent
2022-04-12 12:34:03,004 | INFO | 
2022-04-12 12:34:03,013 | INFO | >>> BUY STOCKS
2022-04-12 12:34:03,083 | INFO | 0 positions already opened
2022-04-12 12:34:03,083 | INFO | 3 positions to open
2022-04-12 12:34:48,516 | INFO | 
          OPEN    HIGH     LOW   CLOSE PROFIT_FACTOR DIFF_FROM_CLOSE_TO_HALF DIFF_FROM_CLOSE_TO_LOW
BPAC11   25.47    26.0   25.18   25.22          3.81                     1.4                    0.2
JBSS3     38.5   38.52   37.74    37.9           3.7                     0.6                    0.4
UNIP6   100.84  101.69  100.07  100.22          2.81                     0.7                    0.1
SANB11   35.85   35.87   35.24   35.38          2.59                     0.5                    0.4
ITUB4     26.8    26.9   26.41   26.49          2.57                     0.6                    0.3
WIZS3     8.53    8.77    8.51    8.52          2.46                     1.4                    0.1
B3SA3    15.13   15.23   14.44   14.59          2.36                     1.7                    1.0
LWSA3     8.92    9.03    8.47    8.49          2.23                     3.0                    0.2
ITSA4    10.28   10.29   10.16   10.18          2.13                     0.4                    0.2
CRFB3    23.73   24.18   23.67   23.71          2.09                     0.9                    0.2
CAML3     9.33    9.47    9.18    9.21          2.08                     1.2                    0.3
BPAN4    10.04   10.16    9.74    9.75          1.99                     2.0                    0.1
VIIA3     3.65    3.72    3.51    3.53          1.96                     2.2                    0.6
PTBL3     9.12    9.29    9.06    9.08          1.91                     1.1                    0.2
MULT3    24.52   24.88    24.2   24.25          1.89                     1.2                    0.2
RAPT4    10.42   10.56   10.22   10.23          1.83                     1.5                    0.1
CYRE3     16.0   16.22    15.6    15.6          1.73                     1.9                    0.0
NEOE3    17.49   17.65   17.37   17.44          1.68                     0.4                    0.4
MRFG3     22.0   22.22   21.08   21.22          1.58                     2.0                    0.7
BRPR3     8.95    9.12    8.91    8.93          1.51                     1.0                    0.2
TASA4    24.26    24.7   24.05   24.24           1.5                     0.6                    0.8
LREN3    27.15   27.54   26.52   26.63          1.48                     1.5                    0.4
LJQQ3     10.6   10.84   10.56   10.56          1.43                     1.3                    0.0
ABEV3    15.41   15.54   15.15   15.19           1.4                     1.0                    0.3
WEGE3    32.79   33.23   32.62   32.73           1.4                     0.6                    0.3
ALSO3    21.72   22.02    21.4   21.41          1.37                     1.4                    0.0
YDUQ3     19.8    20.1   19.65   19.69          1.37                     1.0                    0.2
AESB3    11.52   11.52   11.28   11.35          1.35                     0.4                    0.6
2022-04-12 12:34:48,526 | INFO | Stocks to buy: ['BPAC11', 'JBSS3', 'UNIP6']
2022-04-12 12:34:52,742 | INFO | Email sent
2022-04-12 12:40:18,949 | INFO | 
2022-04-12 12:40:18,950 | INFO | >>> CLOSE POSITIONS
2022-04-12 12:40:59,969 | INFO | 
2022-04-12 12:40:59,970 | INFO | >>> CLOSE POSITIONS
2022-04-12 12:41:26,143 | INFO | 
2022-04-12 12:41:26,143 | INFO | >>> CLOSE POSITIONS
2022-04-12 12:43:18,847 | INFO | 
2022-04-12 12:43:18,848 | INFO | >>> CLOSE POSITIONS
2022-04-12 12:43:51,861 | INFO | 
2022-04-12 12:43:51,862 | INFO | >>> CLOSE POSITIONS
2022-04-12 12:49:11,494 | INFO | 
2022-04-12 12:49:11,508 | INFO | >>> CLOSE POSITIONS
2022-04-12 12:49:23,272 | INFO | 
2022-04-12 12:49:23,273 | INFO | >>> CLOSE POSITIONS
2022-04-12 16:45:45,863 | INFO | 
2022-04-12 16:45:45,878 | INFO | >>> CLOSE POSITIONS
2022-04-12 16:46:09,765 | INFO | Closing positions: []
2022-04-12 16:46:19,000 | INFO | Email sent
2022-04-12 16:50:02,281 | INFO | 
2022-04-12 16:50:02,282 | INFO | >>> BUY STOCKS
2022-04-12 16:50:02,288 | INFO | 0 positions already opened
2022-04-12 16:50:02,288 | INFO | 3 positions to open
2022-04-12 16:52:48,502 | INFO | 
         OPEN   HIGH  ... DIFF_FROM_CLOSE_TO_HALF DIFF_FROM_CLOSE_TO_LOW
HYPE3   39.55  40.39  ...                     0.9                    0.7
BPAC11  25.47   26.0  ...                     2.0                    0.4
JBSS3    38.5  38.52  ...                     1.0                    0.7
AMBP3   34.25  35.41  ...                     1.3                    1.9
PRIO3   23.87  24.29  ...                     0.6                    0.6
VIVT3    53.4  53.89  ...                     0.5                    0.4
SANB11  35.85  35.87  ...                     0.7                    0.5
ITUB4    26.8   26.9  ...                     1.6                    0.1
CMIG4   15.22  15.33  ...                     1.1                    0.5
WIZS3    8.53   8.77  ...                     1.4                    0.9
LOGG3    26.7  27.17  ...                     1.3                    0.8
B3SA3   15.13  15.23  ...                     2.2                    1.2
KLBN11  23.29  23.38  ...                     0.5                    0.7
LWSA3    8.92   9.03  ...                     3.8                    1.0
EMBR3   13.94   14.1  ...                     1.4                    0.8
BBSE3   26.03  26.67  ...                     1.4                    0.6
ITSA4   10.28  10.29  ...                     1.0                    0.2
CRFB3   23.73  24.18  ...                     1.1                    0.8
CAML3    9.33   9.47  ...                     1.6                    0.4
EQTL3   25.72   25.8  ...                     0.4                    0.4
BPAN4   10.04  10.16  ...                     2.3                    0.6
SLCE3   49.03  49.44  ...                     0.9                    0.5
VIIA3    3.65   3.72  ...                     1.4                    2.3
PTBL3    9.12   9.29  ...                     1.2                    0.8
RAPT4   10.42  10.56  ...                     1.5                    0.9
FLRY3   15.46  15.48  ...                     0.9                    1.1
MGLU3    6.32    6.4  ...                     2.8                    0.8
CYRE3    16.0  16.22  ...                     1.7                    1.4
GOAU4   11.78  11.88  ...                     0.5                    0.5
PNVL3   12.76   13.0  ...                     0.9                    1.2
RADL3   22.89  23.32  ...                     1.1                    0.4
MRFG3    22.0  22.22  ...                     3.0                    0.7
VULC3    9.97  10.13  ...                     0.8                    0.8
ODPV3   10.91   11.1  ...                     1.3                    0.7
ENAT3   22.07  22.19  ...                     0.8                    0.7
BBDC4   21.65  21.72  ...                     0.7                    0.5
BRPR3    8.95   9.12  ...                     0.8                    0.9
TASA4   24.45   25.1  ...                     1.5                    0.6
LREN3   27.15  27.54  ...                     1.7                    1.0
MRVE3   11.47  11.82  ...                     1.3                    1.2
ECOR3    7.66    7.9  ...                     1.3                    0.9
SAPR11  20.93  21.02  ...                     0.9                    0.3
TIMS3   13.88  13.89  ...                     0.8                    0.5
LJQQ3    10.6  10.84  ...                     4.2                    1.4
CVCB3   15.22  15.72  ...                     2.0                    0.9
WEGE3   32.79  33.23  ...                     0.9                    0.6
YDUQ3    19.8   20.1  ...                     3.0                    0.8
ALSO3   21.72  22.02  ...                     1.1                    0.9
RANI3    6.47   6.55  ...                     0.9                    1.3

[49 rows x 7 columns]
2022-04-12 16:52:48,515 | INFO | Stocks to buy: ['HYPE3', 'BPAC11', 'JBSS3']
2022-04-12 16:52:48,515 | INFO | Waiting for time to be 2022-04-12 16:54:30.515108
2022-04-12 16:54:30,632 | INFO | BUY AT MARKET order sent: {'symbol': 'HYPE3', 'volume': 200.0, 'type': 0, 'action': 1, 'type_time': 1, 'type_filling': 2}
2022-04-12 16:54:30,982 | INFO | RESULT: OrderSendResult(retcode=10009, deal=871812051, order=1149157884, volume=200.0, price=39.38, bid=39.36, ask=39.38, comment='Request executed', request_id=1, retcode_external=0, request=TradeRequest(action=1, magic=0, order=0, symbol='HYPE3', volume=200.0, price=0.0, stoplimit=0.0, sl=0.0, tp=0.0, deviation=0, type=0, type_filling=2, type_time=1, expiration=0, comment='', position=0, position_by=0))
2022-04-12 16:54:31,985 | INFO | BUY AT MARKET order sent: {'symbol': 'BPAC11', 'volume': 400.0, 'type': 0, 'action': 1, 'type_time': 1, 'type_filling': 2}
2022-04-12 16:54:32,032 | INFO | RESULT: OrderSendResult(retcode=10009, deal=871812092, order=1149157926, volume=400.0, price=24.82, bid=24.78, ask=24.82, comment='Request executed', request_id=2, retcode_external=0, request=TradeRequest(action=1, magic=0, order=0, symbol='BPAC11', volume=400.0, price=0.0, stoplimit=0.0, sl=0.0, tp=0.0, deviation=0, type=0, type_filling=2, type_time=1, expiration=0, comment='', position=0, position_by=0))
2022-04-12 16:54:33,034 | INFO | BUY AT MARKET order sent: {'symbol': 'JBSS3', 'volume': 200.0, 'type': 0, 'action': 1, 'type_time': 1, 'type_filling': 2}
2022-04-12 16:54:33,084 | INFO | RESULT: OrderSendResult(retcode=10009, deal=871812115, order=1149157953, volume=200.0, price=37.49, bid=37.39, ask=37.49, comment='Request executed', request_id=3, retcode_external=0, request=TradeRequest(action=1, magic=0, order=0, symbol='JBSS3', volume=200.0, price=0.0, stoplimit=0.0, sl=0.0, tp=0.0, deviation=0, type=0, type_filling=2, type_time=1, expiration=0, comment='', position=0, position_by=0))
2022-04-12 16:54:38,321 | INFO | Email sent
2022-04-12 21:02:57,469 | INFO | 
2022-04-12 21:02:57,481 | INFO | >>> BUY STOCKS
2022-04-12 21:03:40,945 | INFO | 3 positions already opened
2022-04-12 21:03:40,946 | INFO | 3 positions to open
2022-04-12 21:04:07,185 | INFO | 
         OPEN   HIGH    LOW  CLOSE PROFIT_FACTOR DIFF_FROM_CLOSE_TO_HALF DIFF_FROM_CLOSE_TO_LOW
HYPE3   39.55  40.39  39.14  39.42         573.0                     0.9                    0.7
AALR3   18.21  18.38   17.6   17.7         409.0                     1.6                    0.6
BPAC11  25.47   26.0  24.74  24.84         381.0                     2.1                    0.4
JBSS3    38.5  38.52  37.26  37.29         370.0                     1.6                    0.1
TRPL4   26.81  26.95  26.45  26.46         330.0                     0.9                    0.0
AMBP3   34.25  35.41  33.23  33.84         328.0                     1.4                    1.8
PRIO3   23.87  24.29   23.7  23.75         271.0                     1.0                    0.2
VIVT3    53.4  53.89  52.87  53.04         260.0                     0.6                    0.3
SANB11  35.85  35.87  35.02  35.09         259.0                     1.0                    0.2
ITUB4    26.8   26.9  26.01  26.13         257.0                     1.2                    0.5
CMIG4   15.22  15.33  14.85  14.87         250.0                     1.5                    0.1
WIZS3    8.53   8.77   8.36   8.42         246.0                     1.6                    0.7
LOGG3    26.7  27.17  26.07  26.39         239.0                     0.9                    1.2
B3SA3   15.13  15.23  14.22  14.29         236.0                     3.0                    0.5
KLBN11  23.29  23.38  22.82   22.9         226.0                     0.9                    0.3
LWSA3    8.92   9.03   8.21   8.28         223.0                     3.9                    0.8
EMBR3   13.94   14.1   13.5  13.54         222.0                     1.9                    0.3
BBSE3   26.03  26.67  25.63  25.71         218.0                     1.7                    0.3
ITSA4   10.28  10.29  10.06   10.1         213.0                     0.8                    0.4
CRFB3   23.73  24.18   23.3  23.45         209.0                     1.2                    0.6
CAML3    9.33   9.47   9.09    9.1         208.0                     1.9                    0.1
EQTL3   25.72   25.8   25.4  25.42         208.0                     0.7                    0.1
BPAN4   10.04  10.16   9.58   9.61         199.0                     2.6                    0.3
SLCE3   49.03  49.44   48.1  48.12         198.0                     1.3                    0.0
VIIA3    3.65   3.72   3.45   3.53         196.0                     1.4                    2.3
CCRO3   13.67  13.86  13.45  13.55         196.0                     0.7                    0.7
PTBL3    9.12   9.29   8.93   8.96         191.0                     1.6                    0.3
RAPT4   10.42  10.56  10.08   10.1         183.0                     2.1                    0.2
FLRY3   15.46  15.48  14.89  15.05         177.0                     0.9                    1.1
MGLU3    6.32    6.4   5.96   5.97         175.0                     3.4                    0.2
CYRE3    16.0  16.22  15.26  15.49         173.0                     1.6                    1.5
GOAU4   11.78  11.88  11.64  11.67         171.0                     0.8                    0.3
NEOE3   17.49  17.65  17.22  17.34         168.0                     0.5                    0.7
PNVL3   12.76   13.0  12.48  12.48         167.0                     2.0                    0.0
RADL3   22.89  23.32  22.63  22.78         163.0                     0.9                    0.7
BBAS3   35.21  35.49  34.86  35.01         161.0                     0.5                    0.4
MRFG3    22.0  22.22  20.63  20.86         158.0                     2.6                    1.1
VULC3    9.97  10.13   9.82    9.9         157.0                     0.8                    0.8
ODPV3   10.91   11.1  10.67   10.7         156.0                     1.7                    0.3
ENAT3   22.07  22.19   21.5   21.6         156.0                     1.1                    0.5
BBDC4   21.65  21.72  21.22   21.3         154.0                     0.8                    0.4
GUAR3   10.42  10.94   10.3   10.3         151.0                     3.0                    0.0
BRPR3    8.95   9.12   8.82    8.9         151.0                     0.8                    0.9
TASA4   24.45   25.1  24.06  24.17         150.0                     1.7                    0.5
LREN3   27.15  27.54  26.07  26.31         148.0                     1.8                    0.9
SAPR11  20.93  21.02   20.5   20.5         145.0                     1.3                    0.0
ECOR3    7.66    7.9   7.56   7.64         145.0                     1.2                    1.0
TIMS3   13.88  13.89  13.53  13.56         145.0                     1.1                    0.2
LJQQ3    10.6  10.84    9.7   9.86         143.0                     4.0                    1.6
CVCB3   15.22  15.72  14.85  14.93         143.0                     2.4                    0.5
ABEV3   15.41  15.54  14.98  15.05         140.0                     1.4                    0.5
WEGE3   32.79  33.23  32.23  32.37         140.0                     1.1                    0.4
YDUQ3    19.8   20.1  18.63  18.82         137.0                     2.8                    1.0
ALSO3   21.72  22.02  21.16  21.35         137.0                     1.1                    0.9
RANI3    6.47   6.55   6.27    6.3         134.0                     1.7                    0.5
2022-04-12 21:04:07,225 | INFO | Stocks to buy: ['HYPE3', 'BPAC11', 'JBSS3']
2022-04-12 21:04:15,730 | INFO | Email sent
2022-04-12 21:06:50,226 | INFO | 
2022-04-12 21:06:50,227 | INFO | >>> BUY STOCKS
2022-04-12 21:06:59,564 | INFO | 3 positions already opened
2022-04-12 21:06:59,565 | INFO | 3 positions to open
2022-04-12 21:07:13,144 | INFO | 
         OPEN   HIGH    LOW  CLOSE PROFIT_FACTOR DIFF_FROM_CLOSE_TO_HALF DIFF_FROM_CLOSE_TO_LOW
HYPE3   39.55  40.39  39.14  39.42         573.0                     0.9                    0.7
AALR3   18.21  18.38   17.6   17.7         409.0                     1.6                    0.6
BPAC11  25.47   26.0  24.74  24.84         381.0                     2.1                    0.4
JBSS3    38.5  38.52  37.26  37.29         370.0                     1.6                    0.1
TRPL4   26.81  26.95  26.45  26.46         330.0                     0.9                    0.0
PRIO3   23.87  24.29   23.7  23.78         271.0                     0.9                    0.3
SANB11  35.85  35.87  35.02   35.2         259.0                     0.7                    0.5
ITUB4    26.8   26.9  26.01  26.13         257.0                     1.2                    0.5
CMIG4   15.22  15.33  14.85  14.87         250.0                     1.5                    0.1
WIZS3    8.53   8.77   8.36   8.42         246.0                     1.6                    0.7
ROMI3    13.4  13.76   13.3   13.3         243.0                     1.7                    0.0
LOGG3    26.7  27.17  26.07  26.39         239.0                     0.9                    1.2
B3SA3   15.13  15.23  14.22  14.29         236.0                     3.0                    0.5
KLBN11  23.29  23.38  22.82   22.9         226.0                     0.9                    0.3
LWSA3    8.92   9.03   8.21   8.28         223.0                     3.9                    0.8
EMBR3   13.94   14.1   13.5  13.54         222.0                     1.9                    0.3
BBSE3   26.03  26.67  25.63  25.71         218.0                     1.7                    0.3
ITSA4   10.28  10.29  10.06   10.1         213.0                     0.8                    0.4
CRFB3   23.73  24.18   23.3  23.45         209.0                     1.2                    0.6
CAML3    9.33   9.47   9.09    9.1         208.0                     1.9                    0.1
EQTL3   25.72   25.8   25.4  25.42         208.0                     0.7                    0.1
BPAN4   10.04  10.16   9.58   9.61         199.0                     2.6                    0.3
SLCE3   49.03  49.44   48.1  48.19         198.0                     1.2                    0.2
VIIA3    3.65   3.72   3.45   3.52         196.0                     1.7                    2.0
CCRO3   13.67  13.86  13.45  13.55         196.0                     0.7                    0.7
PTBL3    9.12   9.29   8.93   8.96         191.0                     1.6                    0.3
RAPT4   10.42  10.56  10.08   10.1         183.0                     2.1                    0.2
FLRY3   15.46  15.48  14.89  15.05         177.0                     0.9                    1.1
MGLU3    6.32    6.4   5.96   5.97         175.0                     3.4                    0.2
CYRE3    16.0  16.22  15.26  15.49         173.0                     1.6                    1.5
GOAU4   11.78  11.88  11.64  11.67         171.0                     0.8                    0.3
NEOE3   17.49  17.65  17.22  17.34         168.0                     0.5                    0.7
PNVL3   12.76   13.0  12.48  12.48         167.0                     2.0                    0.0
RADL3   22.89  23.32  22.63  22.78         163.0                     0.9                    0.7
BBAS3   35.21  35.49  34.86  35.01         161.0                     0.5                    0.4
MRFG3    22.0  22.22  20.63  20.86         158.0                     2.6                    1.1
VULC3    9.97  10.13   9.82   9.87         157.0                     1.1                    0.5
ODPV3   10.91   11.1  10.67   10.7         156.0                     1.7                    0.3
ENAT3   22.07  22.19   21.5   21.6         156.0                     1.1                    0.5
BBDC4   21.65  21.72  21.22   21.3         154.0                     0.8                    0.4
GUAR3   10.42  10.94   10.3   10.3         151.0                     3.0                    0.0
BRPR3    8.95   9.12   8.82    8.9         151.0                     0.8                    0.9
TASA4   24.45   25.1  24.06  24.17         150.0                     1.7                    0.5
LREN3   27.15  27.54  26.07  26.31         148.0                     1.8                    0.9
SAPR11  20.93  21.02  20.45  20.47         145.0                     1.3                    0.1
ECOR3    7.66    7.9   7.56   7.64         145.0                     1.2                    1.0
TIMS3   13.88  13.89  13.53   13.6         145.0                     0.8                    0.5
LJQQ3    10.6  10.84    9.7   9.86         143.0                     4.0                    1.6
CVCB3   15.22  15.72  14.85  14.93         143.0                     2.4                    0.5
ABEV3   15.41  15.54  14.98  15.08         140.0                     1.2                    0.7
WEGE3   32.79  33.23  32.23   32.5         140.0                     0.7                    0.8
YDUQ3    19.8   20.1  18.63  18.82         137.0                     2.8                    1.0
ALSO3   21.72  22.02  21.16  21.35         137.0                     1.1                    0.9
RANI3    6.47   6.55   6.27    6.3         134.0                     1.7                    0.5
2022-04-12 21:07:13,155 | INFO | Stocks to buy: ['HYPE3', 'BPAC11', 'JBSS3']
2022-04-12 21:07:21,737 | INFO | Email sent
