2022-05-14 10:00:23,894 | INFO | 
2022-05-14 10:00:23,912 | INFO | >>> TAKE PROFIT
2022-05-14 10:00:23,914 | ERROR | Invalid day, exiting...
2022-05-14 10:00:28,917 | INFO | Email sent
2022-05-14 17:50:30,901 | INFO | 
2022-05-14 17:50:30,913 | INFO | >>> BUY STOCKS
2022-05-14 17:50:30,913 | ERROR | Invalid day, exiting...
2022-05-14 17:50:35,464 | INFO | Email sent
2022-05-14 19:49:49,816 | INFO | 
2022-05-14 19:49:49,817 | INFO | >>> BUY STOCKS
2022-05-14 19:49:49,817 | ERROR | Invalid day, exiting...
2022-05-14 19:49:54,365 | INFO | Email sent
2022-05-14 19:50:09,594 | INFO | 
2022-05-14 19:50:09,594 | INFO | >>> BUY STOCKS
2022-05-14 19:50:09,595 | ERROR | Invalid day, exiting...
2022-05-14 19:50:30,975 | INFO | 0 positions already opened
2022-05-14 19:50:30,977 | INFO | 2 positions to open
2022-05-14 19:50:46,362 | ERROR | No data for CESP6 - (-1, 'Terminal: Call failed')
2022-05-14 19:50:53,909 | ERROR | No data for GNDI3 - (-1, 'Terminal: Call failed')
2022-05-14 19:51:28,987 | INFO | 
Empty DataFrame
Columns: [OPEN, HIGH, LOW, CLOSE, PROFIT_FACTOR, DIFF_FROM_CLOSE_TO_HALF]
Index: []
2022-05-14 19:55:07,181 | INFO | 
2022-05-14 19:55:07,182 | INFO | >>> BUY STOCKS
2022-05-14 19:55:07,182 | ERROR | Invalid day, exiting...
2022-05-14 19:55:21,717 | INFO | 0 positions already opened
2022-05-14 19:55:21,720 | INFO | 2 positions to open
2022-05-14 19:55:27,047 | ERROR | No data for CESP6 - (-1, 'Terminal: Call failed')
2022-05-14 19:55:30,686 | ERROR | No data for ENEV3 - (-1, 'Terminal: Call failed')
2022-05-14 19:55:32,257 | ERROR | No data for GNDI3 - (-1, 'Terminal: Call failed')
2022-05-14 19:55:50,460 | INFO | 
         OPEN   HIGH    LOW  CLOSE PROFIT_FACTOR DIFF_FROM_CLOSE_TO_HALF
ENGI11  45.23  45.95  44.96  45.12           3.0                     0.0
ENAT3    21.6  21.96  19.63  19.89           2.0                     4.0
LWSA3    5.53   5.89   5.42   5.46           2.0                     3.0
B3SA3   11.83  11.83  11.44  11.47           2.0                     1.0
CAML3    8.32   8.48   8.26   8.26           2.0                     1.0
WEGE3   26.73  27.06  26.41   26.5           2.0                     0.0
ROMI3   12.88  13.32  12.67  12.78           1.0                     1.0
VIVT3   50.45  50.45  49.26  49.26           1.0                     1.0
CRFB3   19.62   19.7  19.21  19.29           1.0                     0.0
2022-05-14 19:55:50,470 | INFO | Stocks to buy: ['ENGI11', 'ENAT3']
2022-05-14 19:59:32,994 | INFO | 
2022-05-14 19:59:32,995 | INFO | >>> BUY STOCKS
2022-05-14 19:59:32,995 | ERROR | Invalid day, exiting...
2022-05-14 19:59:38,330 | INFO | 0 positions already opened
2022-05-14 19:59:38,330 | INFO | 2 positions to open
2022-05-14 19:59:38,850 | ERROR | No data for CESP6 - (-1, 'Terminal: Call failed')
2022-05-14 19:59:40,283 | ERROR | No data for GNDI3 - (-1, 'Terminal: Call failed')
2022-05-14 19:59:42,984 | INFO | 
         OPEN   HIGH    LOW  CLOSE PROFIT_FACTOR DIFF_FROM_CLOSE_TO_HALF
ENAT3    21.6  21.96  19.63  19.89           2.0                     4.0
LWSA3    5.53   5.89   5.42   5.46           2.0                     3.0
B3SA3   11.83  11.83  11.44  11.47           2.0                     1.0
CAML3    8.32   8.48   8.26   8.26           2.0                     1.0
ROMI3   12.88  13.32  12.67  12.78           1.0                     1.0
VIVT3   50.45  50.45  49.26  49.26           1.0                     1.0
TRPL4    24.7  24.75  24.45  24.48           6.0                     0.0
ENGI11  45.23  45.95  44.96  45.12           3.0                     0.0
WEGE3   26.73  27.06  26.41   26.5           2.0                     0.0
CRFB3   19.62   19.7  19.21  19.29           1.0                     0.0
2022-05-14 19:59:42,987 | INFO | Stocks to buy: ['ENAT3', 'LWSA3']
2022-05-14 20:04:13,832 | INFO | 
2022-05-14 20:04:13,835 | INFO | >>> BUY STOCKS
2022-05-14 20:04:13,835 | ERROR | Invalid day, exiting...
2022-05-14 20:04:18,716 | INFO | 0 positions already opened
2022-05-14 20:04:18,718 | INFO | 2 positions to open
2022-05-14 20:04:19,121 | ERROR | No data for CESP6 - (-1, 'Terminal: Call failed')
2022-05-14 20:04:19,722 | ERROR | No data for GNDI3 - (-1, 'Terminal: Call failed')
2022-05-14 20:04:21,675 | INFO | 
         OPEN   HIGH    LOW  CLOSE PROFIT_FACTOR DIFF_FROM_CLOSE_TO_HALF
ENAT3    21.6  21.96  19.63  19.89           2.0                     4.0
LWSA3    5.53   5.89   5.42   5.46           2.0                     3.0
B3SA3   11.83  11.83  11.44  11.47           2.0                     1.0
CAML3    8.32   8.48   8.26   8.26           2.0                     1.0
ROMI3   12.88  13.32  12.67  12.78           1.0                     1.0
VIVT3   50.45  50.45  49.26  49.26           1.0                     1.0
TRPL4    24.7  24.75  24.45  24.48           6.0                     0.0
ENGI11  45.23  45.95  44.96  45.12           3.0                     0.0
WEGE3   26.73  27.06  26.41   26.5           2.0                     0.0
CRFB3   19.62   19.7  19.21  19.29           1.0                     0.0
2022-05-14 20:04:21,678 | INFO | Stocks to buy: ['ENAT3', 'LWSA3']
2022-05-14 20:09:18,651 | INFO | 
2022-05-14 20:09:18,651 | INFO | >>> BUY STOCKS
2022-05-14 20:09:18,651 | ERROR | Invalid day, exiting...
2022-05-14 20:09:22,487 | INFO | 0 positions already opened
2022-05-14 20:09:22,492 | INFO | 2 positions to open
2022-05-14 20:09:22,833 | ERROR | No data for CESP6 - (-1, 'Terminal: Call failed')
2022-05-14 20:09:23,427 | ERROR | No data for GNDI3 - (-1, 'Terminal: Call failed')
2022-05-14 20:09:25,310 | INFO | 
         OPEN   HIGH    LOW  CLOSE PROFIT_FACTOR PERC_DIFF_FROM_CLOSE_TO_HALF
ENAT3    21.6  21.96  19.63  19.89           2.0                          4.0
LWSA3    5.53   5.89   5.42   5.46           2.0                          3.0
B3SA3   11.83  11.83  11.44  11.47           2.0                          1.0
CAML3    8.32   8.48   8.26   8.26           2.0                          1.0
ROMI3   12.88  13.32  12.67  12.78           1.0                          1.0
VIVT3   50.45  50.45  49.26  49.26           1.0                          1.0
TRPL4    24.7  24.75  24.45  24.48           6.0                          0.0
ENGI11  45.23  45.95  44.96  45.12           3.0                          0.0
WEGE3   26.73  27.06  26.41   26.5           2.0                          0.0
CRFB3   19.62   19.7  19.21  19.29           1.0                          0.0
2022-05-14 20:09:25,312 | INFO | Stocks to buy: ['ENAT3', 'LWSA3']
2022-05-14 20:14:34,676 | INFO | 
2022-05-14 20:14:34,676 | INFO | >>> BUY STOCKS
2022-05-14 20:14:34,678 | ERROR | Invalid day, exiting...
2022-05-14 20:14:38,401 | INFO | 0 positions already opened
2022-05-14 20:14:38,401 | INFO | 2 positions to open
2022-05-14 20:14:38,745 | ERROR | No data for CESP6 - (-1, 'Terminal: Call failed')
2022-05-14 20:14:39,343 | ERROR | No data for GNDI3 - (-1, 'Terminal: Call failed')
2022-05-14 20:14:41,396 | INFO | 
         OPEN   HIGH    LOW  CLOSE PROFIT_FACTOR PERC_DIFF_FROM_CLOSE_TO_HALF
ENAT3    21.6  21.96  19.63  19.89           2.0                          4.0
LWSA3    5.53   5.89   5.42   5.46           2.0                          3.0
B3SA3   11.83  11.83  11.44  11.47           2.0                          1.0
CAML3    8.32   8.48   8.26   8.26           2.0                          1.0
ROMI3   12.88  13.32  12.67  12.78           1.0                          1.0
VIVT3   50.45  50.45  49.26  49.26           1.0                          1.0
TRPL4    24.7  24.75  24.45  24.48           6.0                          0.0
ENGI11  45.23  45.95  44.96  45.12           3.0                          0.0
WEGE3   26.73  27.06  26.41   26.5           2.0                          0.0
CRFB3   19.62   19.7  19.21  19.29           1.0                          0.0
2022-05-14 20:14:41,399 | INFO | Stocks to buy: ['ENAT3', 'LWSA3']
