2022-04-11 18:23:24,643 | INFO | 
2022-04-11 18:23:24,644 | INFO | >>> BUY
2022-04-11 18:23:24,650 | INFO | 3 positions already opened
2022-04-11 18:23:24,650 | INFO | 3 positions to open
2022-04-11 18:23:26,155 | INFO | 
         OPEN   HIGH    LOW  CLOSE PROFIT_FACTOR DIFF_FROM_CLOSE_TO_HALF DIFF_FROM_CLOSE_TO_LOW
AALR3    18.4  18.69  18.13  18.29          4.09                     0.7                    0.9
JBSS3   38.73  39.25  38.02   38.1           3.7                     1.4                    0.2
TRPL4   26.76  26.87  26.57   26.6           3.3                     0.4                    0.1
BRSR6   10.92  11.02  10.82  10.85          2.89                     0.6                    0.3
SANB11  35.69  35.99   35.4  35.45          2.59                     0.7                    0.1
ITUB4    26.6  26.73  26.44  26.45          2.57                     0.5                    0.0
CMIG4   15.15  15.35  15.01  15.07           2.5                     0.7                    0.4
ROMI3   13.63  13.63  13.22  13.28          2.43                     1.1                    0.5
LOGG3   27.18   27.4  26.39  26.55          2.39                     1.3                    0.6
B3SA3   15.44  15.55  14.75  14.87          2.36                     1.8                    0.8
KLBN11  23.12  23.44  23.01   23.1          2.26                     0.6                    0.4
EMBR3   13.83  14.18  13.72   13.8          2.22                     1.1                    0.6
BBSE3   26.24  26.45   25.9  25.93          2.18                     0.9                    0.1
ITSA4   10.29  10.29  10.16  10.16          2.13                     0.6                    0.0
CAML3    9.68   9.69   9.26   9.28          2.08                     2.0                    0.2
EQTL3    25.8   26.0  25.46  25.59          2.08                     0.5                    0.5
PETZ3   16.72  16.79  16.12  16.31          1.78                     0.9                    1.2
FLRY3   15.68  15.68  15.25  15.25          1.77                     1.4                    0.0
VIVA3    26.7  26.85   26.3  26.35          1.75                     0.9                    0.2
CSAN3   23.32  23.59  22.98   23.1          1.74                     0.8                    0.5
GOAU4   11.65  11.79  11.57  11.63          1.71                     0.4                    0.5
PNVL3   13.17  13.17  12.52  12.58          1.67                     2.0                    0.5
MRFG3   22.33  22.49  21.71  21.76          1.58                     1.5                    0.2
GUAR3    10.4   10.7  10.22  10.35          1.51                     1.1                    1.3
TASA4   24.26   24.7  24.05  24.24           1.5                     0.6                    0.8
LJQQ3   10.83  11.07  10.38   10.4          1.43                     3.1                    0.2
WEGE3   33.71  34.02  32.54  32.65           1.4                     1.9                    0.3
YDUQ3    20.0  20.46  19.43  19.54          1.37                     2.1                    0.6
AESB3   11.52  11.54  11.37  11.42          1.35                     0.3                    0.4
RANI3     6.5    6.5    6.4    6.4          1.34                     0.8                    0.0
SMTO3   46.41  46.92  45.89  46.09          1.32                     0.7                    0.4
2022-04-11 18:23:26,163 | INFO | Stocks to buy: ['AALR3', 'JBSS3', 'TRPL4']
2022-04-11 18:24:59,392 | INFO | 
2022-04-11 18:24:59,394 | INFO | >>> BUY
2022-04-11 18:24:59,406 | INFO | 3 positions already opened
2022-04-11 18:24:59,406 | INFO | 3 positions to open
2022-04-11 18:25:00,450 | INFO | 
         OPEN   HIGH    LOW  CLOSE PROFIT_FACTOR DIFF_FROM_CLOSE_TO_HALF DIFF_FROM_CLOSE_TO_LOW
AALR3    18.4  18.69  18.13  18.29          4.09                     0.7                    0.9
JBSS3   38.73  39.25  38.02   38.1           3.7                     1.4                    0.2
TRPL4   26.76  26.87  26.57   26.6           3.3                     0.4                    0.1
BRSR6   10.92  11.02  10.82  10.85          2.89                     0.6                    0.3
SANB11  35.69  35.99   35.4  35.45          2.59                     0.7                    0.1
ITUB4    26.6  26.73  26.44  26.45          2.57                     0.5                    0.0
CMIG4   15.15  15.35  15.01  15.07           2.5                     0.7                    0.4
ROMI3   13.63  13.63  13.22  13.28          2.43                     1.1                    0.5
LOGG3   27.18   27.4  26.39  26.55          2.39                     1.3                    0.6
B3SA3   15.44  15.55  14.75  14.87          2.36                     1.8                    0.8
KLBN11  23.12  23.44  23.01   23.1          2.26                     0.6                    0.4
EMBR3   13.83  14.18  13.72   13.8          2.22                     1.1                    0.6
BBSE3   26.24  26.45   25.9  25.93          2.18                     0.9                    0.1
ITSA4   10.29  10.29  10.16  10.16          2.13                     0.6                    0.0
CAML3    9.68   9.69   9.26   9.28          2.08                     2.0                    0.2
EQTL3    25.8   26.0  25.46  25.59          2.08                     0.5                    0.5
PETZ3   16.72  16.79  16.12  16.31          1.78                     0.9                    1.2
FLRY3   15.68  15.68  15.25  15.25          1.77                     1.4                    0.0
VIVA3    26.7  26.85   26.3  26.35          1.75                     0.9                    0.2
CSAN3   23.32  23.59  22.98   23.1          1.74                     0.8                    0.5
GOAU4   11.65  11.79  11.57  11.63          1.71                     0.4                    0.5
PNVL3   13.17  13.17  12.52  12.58          1.67                     2.0                    0.5
MRFG3   22.33  22.49  21.71  21.76          1.58                     1.5                    0.2
GUAR3    10.4   10.7  10.22  10.35          1.51                     1.1                    1.3
TASA4   24.26   24.7  24.05  24.24           1.5                     0.6                    0.8
LJQQ3   10.83  11.07  10.38   10.4          1.43                     3.1                    0.2
WEGE3   33.71  34.02  32.54  32.65           1.4                     1.9                    0.3
YDUQ3    20.0  20.46  19.43  19.54          1.37                     2.1                    0.6
AESB3   11.52  11.54  11.37  11.42          1.35                     0.3                    0.4
RANI3     6.5    6.5    6.4    6.4          1.34                     0.8                    0.0
SMTO3   46.41  46.92  45.89  46.09          1.32                     0.7                    0.4
2022-04-11 18:25:00,456 | INFO | Stocks to buy: ['AALR3', 'JBSS3', 'TRPL4']
2022-04-11 18:40:43,283 | INFO | Email sent
