2022-05-08 16:45:32,627 | INFO | 
2022-05-08 16:45:32,652 | INFO | >>> CLOSE POSITIONS
2022-05-08 16:45:32,652 | ERROR | Invalid day, exiting...
2022-05-08 16:45:38,372 | INFO | Email sent
2022-05-08 17:50:31,383 | INFO | 
2022-05-08 17:50:31,406 | INFO | >>> BUY STOCKS
2022-05-08 17:50:31,427 | ERROR | Invalid day, exiting...
2022-05-08 17:50:36,324 | INFO | Email sent
2022-05-08 22:03:17,222 | INFO | 
2022-05-08 22:03:17,222 | INFO | >>> BUY STOCKS
2022-05-08 22:03:17,222 | ERROR | Invalid day, exiting...
2022-05-08 22:03:32,201 | INFO | 0 positions already opened
2022-05-08 22:03:32,202 | INFO | 2 positions to open
2022-05-08 22:04:57,971 | INFO | 
2022-05-08 22:04:57,971 | INFO | >>> BUY STOCKS
2022-05-08 22:04:57,971 | ERROR | Invalid day, exiting...
2022-05-08 22:05:01,526 | INFO | 0 positions already opened
2022-05-08 22:05:01,526 | INFO | 2 positions to open
2022-05-08 22:05:05,470 | ERROR | No data for CESP6 - (-1, 'Terminal: Call failed')
2022-05-08 22:05:09,546 | ERROR | No data for GNDI3 - (-1, 'Terminal: Call failed')
2022-05-08 22:05:23,149 | INFO | 
        OPEN   HIGH    LOW  CLOSE PROFIT_FACTOR DIFF_FROM_CLOSE_TO_HALF
AMBP3  34.45  34.45   31.8   32.1           3.0                     3.1
PRIO3  27.59  27.77  26.25  26.42           3.0                     2.2
ENBR3  21.42  21.69  21.31  21.34           3.0                     0.7
CAML3   8.58   8.59   8.08   8.18           2.0                     1.9
MYPK3  13.46   13.8  12.99  13.13           1.0                     1.9
2022-05-08 22:05:23,149 | INFO | Stocks to buy: ['AMBP3', 'PRIO3']
2022-05-08 22:18:32,244 | INFO | 
2022-05-08 22:18:32,266 | INFO | >>> BUY STOCKS
2022-05-08 22:18:32,266 | ERROR | Invalid day, exiting...
2022-05-08 22:18:37,094 | INFO | 0 positions already opened
2022-05-08 22:18:37,099 | INFO | 2 positions to open
2022-05-08 22:18:39,074 | ERROR | No data for CESP6 - (-1, 'Terminal: Call failed')
2022-05-08 22:18:42,241 | ERROR | No data for GNDI3 - (-1, 'Terminal: Call failed')
2022-05-08 22:18:53,212 | INFO | 
        OPEN   HIGH    LOW  CLOSE PROFIT_FACTOR DIFF_FROM_CLOSE_TO_HALF
AMBP3  34.45  34.45   31.8   32.1           3.0                     3.1
ENBR3  21.42  21.69  21.31  21.34           3.0                     0.7
LWSA3   6.73   6.85   6.28    6.3           2.0                     4.0
CVCB3  12.22  12.54  11.95   12.0           2.0                     2.0
CAML3   8.18   8.23   7.98   7.98           2.0                     1.6
ELET3  38.98  39.79  38.53  38.67           2.0                     1.3
WEGE3  28.09  28.09  26.93  27.15           2.0                     1.3
CRFB3   20.2   20.2  18.75  18.87           1.0                     3.1
MYPK3  13.46   13.8  12.99  13.13           1.0                     1.9
YDUQ3  15.57  15.74  15.03  15.12           1.0                     1.7
UGPA3  12.51  12.57  12.13   12.2           1.0                     1.2
2022-05-08 22:18:53,215 | INFO | Stocks to buy: ['AMBP3', 'ENBR3']
