2022-04-25 16:45:34,394 | INFO | 
2022-04-25 16:45:34,398 | INFO | >>> CLOSE POSITIONS
2022-04-25 16:45:34,490 | ERROR | Invalid day, exiting...
2022-04-25 16:45:39,284 | INFO | Email sent
2022-04-25 16:53:58,721 | INFO | 
2022-04-25 16:53:58,801 | INFO | >>> BUY STOCKS
2022-04-25 16:55:46,587 | INFO | 0 positions already opened
2022-04-25 16:55:46,587 | INFO | 1 positions to open
2022-04-25 16:56:19,633 | ERROR | No data for ECOR3 - (-1, 'Terminal: Call failed')
2022-04-25 16:56:28,475 | ERROR | No data for GNDI3 - (-1, 'Terminal: Call failed')
2022-04-25 16:56:52,127 | ERROR | No data for RADL3 - (-1, 'Terminal: Call failed')
2022-04-25 16:57:15,527 | INFO | 
Empty DataFrame
Columns: [OPEN, HIGH, LOW, CLOSE, PROFIT_FACTOR, DIFF_FROM_CLOSE_TO_HALF]
Index: []
2022-04-25 17:33:31,791 | INFO | 
2022-04-25 17:33:31,791 | INFO | >>> BUY STOCKS
2022-04-25 17:33:32,414 | INFO | 0 positions already opened
2022-04-25 17:33:32,414 | INFO | 1 positions to open
2022-04-25 17:33:50,299 | ERROR | No data for GNDI3 - (-1, 'Terminal: Call failed')
2022-04-25 17:34:11,877 | INFO | 
        OPEN   HIGH    LOW  CLOSE PROFIT_FACTOR DIFF_FROM_CLOSE_TO_HALF
HYPE3   37.7  38.08  37.48  37.55           5.7                     0.6
B3SA3  14.24  14.39  14.02  14.11           2.4                     0.7
2022-04-25 17:34:11,953 | INFO | Stocks to buy: ['HYPE3']
