2022-04-15 16:45:04,933 | INFO | 
2022-04-15 16:45:04,933 | INFO | >>> CLOSE POSITIONS
2022-04-15 16:45:09,004 | INFO | Today is friday, closing all positions...
2022-04-15 16:45:09,004 | INFO | Closing positions: ['BPAC11', 'BPAN4', 'BRSR6', 'LWSA3', 'VIIA3']
2022-04-15 16:45:09,004 | INFO | SELL AT MARKET order sent: {'symbol': 'BPAC11', 'volume': 400.0, 'type': 1, 'action': 1, 'type_time': 1, 'type_filling': 2}
2022-04-15 16:45:09,223 | INFO | RESULT: OrderSendResult(retcode=10009, deal=873559943, order=1151917452, volume=400.0, price=24.88, bid=24.88, ask=25.4, comment='Request executed', request_id=19, retcode_external=0, request=TradeRequest(action=1, magic=0, order=0, symbol='BPAC11', volume=400.0, price=0.0, stoplimit=0.0, sl=0.0, tp=0.0, deviation=0, type=1, type_filling=2, type_time=1, expiration=0, comment='', position=0, position_by=0))
2022-04-15 16:45:10,237 | INFO | SELL AT MARKET order sent: {'symbol': 'BPAN4', 'volume': 6000.0, 'type': 1, 'action': 1, 'type_time': 1, 'type_filling': 2}
2022-04-15 16:45:10,330 | INFO | RESULT: OrderSendResult(retcode=10009, deal=873559944, order=1151917453, volume=6000.0, price=9.62, bid=9.62, ask=9.8, comment='Request executed', request_id=20, retcode_external=0, request=TradeRequest(action=1, magic=0, order=0, symbol='BPAN4', volume=6000.0, price=0.0, stoplimit=0.0, sl=0.0, tp=0.0, deviation=0, type=1, type_filling=2, type_time=1, expiration=0, comment='', position=0, position_by=0))
2022-04-15 16:45:11,344 | INFO | SELL AT MARKET order sent: {'symbol': 'BRSR6', 'volume': 900.0, 'type': 1, 'action': 1, 'type_time': 1, 'type_filling': 2}
2022-04-15 16:45:11,391 | INFO | RESULT: OrderSendResult(retcode=10009, deal=873559945, order=1151917454, volume=900.0, price=10.83, bid=10.83, ask=10.91, comment='Request executed', request_id=21, retcode_external=0, request=TradeRequest(action=1, magic=0, order=0, symbol='BRSR6', volume=900.0, price=0.0, stoplimit=0.0, sl=0.0, tp=0.0, deviation=0, type=1, type_filling=2, type_time=1, expiration=0, comment='', position=0, position_by=0))
2022-04-15 16:45:12,405 | INFO | SELL AT MARKET order sent: {'symbol': 'LWSA3', 'volume': 7200.0, 'type': 1, 'action': 1, 'type_time': 1, 'type_filling': 2}
2022-04-15 16:45:12,452 | INFO | RESULT: OrderSendResult(retcode=10009, deal=873559946, order=1151917455, volume=7200.0, price=8.0, bid=8.0, ask=8.14, comment='Request executed', request_id=22, retcode_external=0, request=TradeRequest(action=1, magic=0, order=0, symbol='LWSA3', volume=7200.0, price=0.0, stoplimit=0.0, sl=0.0, tp=0.0, deviation=0, type=1, type_filling=2, type_time=1, expiration=0, comment='', position=0, position_by=0))
2022-04-15 16:45:13,466 | INFO | SELL AT MARKET order sent: {'symbol': 'VIIA3', 'volume': 17400.0, 'type': 1, 'action': 1, 'type_time': 1, 'type_filling': 2}
2022-04-15 16:45:13,513 | INFO | RESULT: OrderSendResult(retcode=10009, deal=873559947, order=1151917456, volume=17400.0, price=3.38, bid=3.38, ask=3.42, comment='Request executed', request_id=23, retcode_external=0, request=TradeRequest(action=1, magic=0, order=0, symbol='VIIA3', volume=17400.0, price=0.0, stoplimit=0.0, sl=0.0, tp=0.0, deviation=0, type=1, type_filling=2, type_time=1, expiration=0, comment='', position=0, position_by=0))
2022-04-15 16:45:18,832 | INFO | Email sent
2022-04-15 16:53:31,668 | INFO | 
2022-04-15 16:53:31,668 | INFO | >>> BUY STOCKS
2022-04-15 16:53:31,668 | ERROR | Invalid date, exiting...
2022-04-15 16:53:31,668 | INFO | 1 positions already opened
2022-04-15 16:53:31,668 | INFO | 2 positions to open
2022-04-15 16:53:31,684 | ERROR | No data for AALR3 - (-1, 'Terminal: Call failed')
2022-04-15 16:53:31,684 | ERROR | No data for ABEV3 - (-1, 'Terminal: Call failed')
2022-04-15 16:53:31,684 | ERROR | No data for AESB3 - (-1, 'Terminal: Call failed')
2022-04-15 16:53:31,684 | ERROR | No data for ALSO3 - (-1, 'Terminal: Call failed')
2022-04-15 16:53:31,684 | ERROR | No data for ALUP11 - (-1, 'Terminal: Call failed')
2022-04-15 16:53:31,684 | ERROR | No data for AMBP3 - (-1, 'Terminal: Call failed')
2022-04-15 16:53:34,055 | ERROR | No data for BBSE3 - (-1, 'Terminal: Call failed')
2022-04-15 16:53:34,601 | ERROR | No data for BRML3 - (-1, 'Terminal: Call failed')
2022-04-15 16:53:34,601 | ERROR | No data for BRPR3 - (-1, 'Terminal: Call failed')
2022-04-15 16:53:34,601 | ERROR | No data for CAML3 - (-1, 'Terminal: Call failed')
2022-04-15 16:53:34,601 | ERROR | No data for CCRO3 - (-1, 'Terminal: Call failed')
2022-04-15 16:53:34,601 | ERROR | No data for CMIG4 - (-1, 'Terminal: Call failed')
2022-04-15 16:53:34,601 | ERROR | No data for CRFB3 - (-1, 'Terminal: Call failed')
2022-04-15 16:53:36,614 | ERROR | No data for CYRE3 - (-1, 'Terminal: Call failed')
2022-04-15 16:53:36,614 | ERROR | No data for ECOR3 - (-1, 'Terminal: Call failed')
2022-04-15 16:53:36,614 | ERROR | No data for EGIE3 - (-1, 'Terminal: Call failed')
2022-04-15 16:53:36,614 | ERROR | No data for ELET3 - (-1, 'Terminal: Call failed')
2022-04-15 16:53:36,614 | ERROR | No data for EMBR3 - (-1, 'Terminal: Call failed')
2022-04-15 16:53:36,614 | ERROR | No data for ENAT3 - (-1, 'Terminal: Call failed')
2022-04-15 16:53:36,614 | ERROR | No data for ENEV3 - (-1, 'Terminal: Call failed')
2022-04-15 16:53:36,614 | ERROR | No data for ENGI11 - (-1, 'Terminal: Call failed')
2022-04-15 16:53:36,614 | ERROR | No data for EQTL3 - (-1, 'Terminal: Call failed')
2022-04-15 16:53:36,614 | ERROR | No data for FLRY3 - (-1, 'Terminal: Call failed')
2022-04-15 16:53:36,614 | ERROR | No data for GNDI3 - (-1, 'Terminal: Call failed')
2022-04-15 16:53:37,409 | ERROR | No data for GUAR3 - (-1, 'Terminal: Call failed')
2022-04-15 16:53:37,409 | ERROR | No data for HYPE3 - (-1, 'Terminal: Call failed')
2022-04-15 16:53:39,905 | ERROR | No data for JBSS3 - (-1, 'Terminal: Call failed')
2022-04-15 16:53:39,905 | ERROR | No data for KLBN11 - (-1, 'Terminal: Call failed')
2022-04-15 16:53:39,905 | ERROR | No data for LCAM3 - (-1, 'Terminal: Call failed')
2022-04-15 16:53:39,905 | ERROR | No data for LJQQ3 - (-1, 'Terminal: Call failed')
2022-04-15 16:53:39,905 | ERROR | No data for LOGG3 - (-1, 'Terminal: Call failed')
2022-04-15 16:53:39,905 | ERROR | No data for LREN3 - (-1, 'Terminal: Call failed')
2022-04-15 16:53:40,436 | ERROR | No data for MGLU3 - (-1, 'Terminal: Call failed')
2022-04-15 16:53:40,436 | ERROR | No data for MRFG3 - (-1, 'Terminal: Call failed')
2022-04-15 16:53:40,436 | ERROR | No data for MRVE3 - (-1, 'Terminal: Call failed')
2022-04-15 16:53:40,436 | ERROR | No data for MULT3 - (-1, 'Terminal: Call failed')
2022-04-15 16:53:40,436 | ERROR | No data for NEOE3 - (-1, 'Terminal: Call failed')
2022-04-15 16:53:40,436 | ERROR | No data for ODPV3 - (-1, 'Terminal: Call failed')
2022-04-15 16:53:40,436 | ERROR | No data for PETZ3 - (-1, 'Terminal: Call failed')
2022-04-15 16:53:40,436 | ERROR | No data for PNVL3 - (-1, 'Terminal: Call failed')
2022-04-15 16:53:41,262 | ERROR | No data for PTBL3 - (-1, 'Terminal: Call failed')
2022-04-15 16:53:41,262 | ERROR | No data for RADL3 - (-1, 'Terminal: Call failed')
2022-04-15 16:53:41,262 | ERROR | No data for RAIL3 - (-1, 'Terminal: Call failed')
2022-04-15 16:53:41,262 | ERROR | No data for RANI3 - (-1, 'Terminal: Call failed')
2022-04-15 16:53:41,262 | ERROR | No data for RAPT4 - (-1, 'Terminal: Call failed')
2022-04-15 16:53:41,762 | ERROR | No data for ROMI3 - (-1, 'Terminal: Call failed')
2022-04-15 16:53:42,167 | ERROR | No data for SAPR11 - (-1, 'Terminal: Call failed')
2022-04-15 16:53:42,167 | ERROR | No data for SLCE3 - (-1, 'Terminal: Call failed')
2022-04-15 16:53:42,167 | ERROR | No data for SMTO3 - (-1, 'Terminal: Call failed')
2022-04-15 16:53:42,167 | ERROR | No data for TAEE11 - (-1, 'Terminal: Call failed')
2022-04-15 16:53:42,167 | ERROR | No data for TASA4 - (-1, 'Terminal: Call failed')
2022-04-15 16:53:42,167 | ERROR | No data for TIMS3 - (-1, 'Terminal: Call failed')
2022-04-15 16:53:42,167 | ERROR | No data for TRPL4 - (-1, 'Terminal: Call failed')
2022-04-15 16:53:43,758 | ERROR | No data for VIVA3 - (-1, 'Terminal: Call failed')
2022-04-15 16:53:43,758 | ERROR | No data for VIVT3 - (-1, 'Terminal: Call failed')
2022-04-15 16:53:43,758 | ERROR | No data for VULC3 - (-1, 'Terminal: Call failed')
2022-04-15 16:53:43,758 | ERROR | No data for WEGE3 - (-1, 'Terminal: Call failed')
2022-04-15 16:53:43,758 | ERROR | No data for WIZS3 - (-1, 'Terminal: Call failed')
2022-04-15 16:53:43,758 | ERROR | No data for YDUQ3 - (-1, 'Terminal: Call failed')
2022-04-15 16:53:44,429 | INFO | 
        OPEN   HIGH   LOW  CLOSE PROFIT_FACTOR DIFF_FROM_CLOSE_TO_HALF
LWSA3    8.3   8.32  7.98   8.05           2.2                     1.2
VIIA3   3.52   3.53  3.41   3.41           2.0                     1.7
BPAN4   9.65   9.81  9.61   9.64           2.0                     0.7
CVCB3  14.47  14.75  14.2  14.36           1.4                     0.8
2022-04-15 16:53:44,429 | INFO | Stocks to buy: ['LWSA3', 'VIIA3']
2022-04-15 16:53:44,429 | INFO | Waiting for time to be 2022-04-15 16:54:30.429736
2022-04-15 16:54:31,105 | INFO | BUY AT MARKET order sent: {'symbol': 'LWSA3', 'volume': 1200.0, 'type': 0, 'action': 1, 'type_time': 1, 'type_filling': 2}
2022-04-15 16:54:31,276 | INFO | RESULT: OrderSendResult(retcode=10009, deal=873559953, order=1151917457, volume=1200.0, price=8.14, bid=8.0, ask=8.14, comment='Request executed', request_id=24, retcode_external=0, request=TradeRequest(action=1, magic=0, order=0, symbol='LWSA3', volume=1200.0, price=0.0, stoplimit=0.0, sl=0.0, tp=0.0, deviation=0, type=0, type_filling=2, type_time=1, expiration=0, comment='', position=0, position_by=0))
2022-04-15 16:54:32,290 | INFO | BUY AT MARKET order sent: {'symbol': 'VIIA3', 'volume': 2900.0, 'type': 0, 'action': 1, 'type_time': 1, 'type_filling': 2}
2022-04-15 16:54:32,321 | INFO | RESULT: OrderSendResult(retcode=10009, deal=873559954, order=1151917458, volume=2900.0, price=3.42, bid=3.38, ask=3.42, comment='Request executed', request_id=25, retcode_external=0, request=TradeRequest(action=1, magic=0, order=0, symbol='VIIA3', volume=2900.0, price=0.0, stoplimit=0.0, sl=0.0, tp=0.0, deviation=0, type=0, type_filling=2, type_time=1, expiration=0, comment='', position=0, position_by=0))
2022-04-15 16:54:37,547 | INFO | Email sent
